{
    "id": "evt_1QAiOLIaAmbYWPg2E9WqTSok",
    "object": "event",
    "api_version": "2022-11-15",
    "created": 1729128041,
    "data": {
        "object": {
            "id": "cs_live_a1Qf7NmfYPI9plWQ5HyYd8Cg5iHsrD2t0totdi9ztyxCMMvccOKouAKx2u",
            "object": "checkout.session",
            "after_expiration": null,
            "allow_promotion_codes": false,
            "amount_subtotal": 0,
            "amount_total": 0,
            "automatic_tax": {
                "enabled": false,
                "liability": null,
                "status": null
            },
            "billing_address_collection": "auto",
            "cancel_url": "https:\/\/stripe.com",
            "client_reference_id": null,
            "client_secret": null,
            "consent": null,
            "consent_collection": {
                "payment_method_reuse_agreement": null,
                "promotions": "none",
                "terms_of_service": "none"
            },
            "created": 1729127470,
            "currency": "usd",
            "currency_conversion": null,
            "custom_fields": [],
            "custom_text": {
                "after_submit": null,
                "shipping_address": null,
                "submit": null,
                "terms_of_service_acceptance": null
            },
            "customer": "cus_R2o0h8o00WjMeb",
            "customer_creation": "if_required",
            "customer_details": {
                "address": {
                    "city": null,
                    "country": "PH",
                    "line1": null,
                    "line2": null,
                    "postal_code": null,
                    "state": null
                },
                "email": "carloksanto74@gmail.com",
                "name": "Jose Anchito Lacanaria",
                "phone": null,
                "tax_exempt": "none",
                "tax_ids": []
            },
            "customer_email": null,
            "expires_at": 1729213870,
            "invoice": "in_1QAiODIaAmbYWPg2mieL3k9m",
            "invoice_creation": null,
            "livemode": true,
            "locale": "auto",
            "metadata": [],
            "mode": "subscription",
            "payment_intent": null,
            "payment_link": "plink_1NqLjYIaAmbYWPg2isiA0Slk",
            "payment_method_collection": "always",
            "payment_method_configuration_details": {
                "id": "pmc_1NYnkGIaAmbYWPg2tJOJEfHd",
                "parent": null
            },
            "payment_method_options": {
                "card": {
                    "request_three_d_secure": "automatic"
                }
            },
            "payment_method_types": [
                "card",
                "link"
            ],
            "payment_status": "paid",
            "phone_number_collection": {
                "enabled": false
            },
            "recovered_from": null,
            "saved_payment_method_options": {
                "allow_redisplay_filters": [
                    "always"
                ],
                "payment_method_remove": null,
                "payment_method_save": null
            },
            "setup_intent": null,
            "shipping_address_collection": null,
            "shipping_cost": null,
            "shipping_details": null,
            "shipping_options": [],
            "status": "complete",
            "submit_type": "auto",
            "subscription": "sub_1QAiODIaAmbYWPg2jHEvSKr3",
            "success_url": "https:\/\/stripe.com",
            "total_details": {
                "amount_discount": 0,
                "amount_shipping": 0,
                "amount_tax": 0
            },
            "ui_mode": "hosted",
            "url": null
        }
    },
    "livemode": true,
    "pending_webhooks": 1,
    "request": {
        "id": null,
        "idempotency_key": null
    },
    "type": "checkout.session.completed"
}
